Starting command 1: child 2679 pid of parent 2678
test/A1.txt = [
10 30 40 50 0 0 0 0 
0 0 0 0 0 0 0 0 
0 0 0 0 0 0 0 0 
0 0 0 0 0 0 0 0 
0 0 0 0 0 0 0 0 
0 0 0 0 0 0 0 0 
0 0 0 0 0 0 0 0 
0 0 0 0 0 0 0 0 
]
test/W1.txt = [
1 3 4 5 1 0 0 0 
2 4 5 0 0 0 0 0 
1 1 5 0 0 0 0 0 
0 0 0 0 0 0 0 0 
0 0 0 0 0 0 0 0 
0 0 0 0 0 0 0 0 
0 0 0 0 0 0 0 0 
0 0 0 0 0 0 0 0 
]
Result of test/A1.txt*test/W1.txt = [
110 190 390 50 10 0 0 0 
0 0 0 0 0 0 0 0 
0 0 0 0 0 0 0 0 
0 0 0 0 0 0 0 0 
0 0 0 0 0 0 0 0 
0 0 0 0 0 0 0 0 
0 0 0 0 0 0 0 0 
0 0 0 0 0 0 0 0 
]
Finished child 2679 pid of parent 2678
Exited with exitcode = 0
