Starting command 2: child 2680 pid of parent 2678
test/A1.txt = [
10 30 40 50 0 0 0 0 
0 0 0 0 0 0 0 0 
0 0 0 0 0 0 0 0 
0 0 0 0 0 0 0 0 
0 0 0 0 0 0 0 0 
0 0 0 0 0 0 0 0 
0 0 0 0 0 0 0 0 
0 0 0 0 0 0 0 0 
]
test/W2.txt = [
10 3 4 5 1 0 0 0 
20 4 5 0 0 0 0 0 
10 1 5 0 0 0 0 0 
10 0 0 0 0 0 0 0 
20 0 0 0 0 0 0 0 
0 0 0 0 0 0 0 0 
0 0 0 0 0 0 0 0 
0 0 0 0 0 0 0 0 
]
Result of test/A1.txt*test/W2.txt = [
1600 190 390 50 10 0 0 0 
0 0 0 0 0 0 0 0 
0 0 0 0 0 0 0 0 
0 0 0 0 0 0 0 0 
0 0 0 0 0 0 0 0 
0 0 0 0 0 0 0 0 
0 0 0 0 0 0 0 0 
0 0 0 0 0 0 0 0 
]
Finished child 2680 pid of parent 2678
Exited with exitcode = 0
