Starting command 3: child 2681 pid of parent 2678
test/A1.txt = [
10 30 40 50 0 0 0 0 
0 0 0 0 0 0 0 0 
0 0 0 0 0 0 0 0 
0 0 0 0 0 0 0 0 
0 0 0 0 0 0 0 0 
0 0 0 0 0 0 0 0 
0 0 0 0 0 0 0 0 
0 0 0 0 0 0 0 0 
]
test/W3.txt = [
1 3 4 5 1 0 0 0 
2 4 5 2 2 0 0 0 
1 1 5 11 12 0 0 0 
0 0 0 0 0 0 0 0 
0 0 0 0 0 0 0 0 
0 0 0 0 0 0 0 0 
0 0 0 0 0 0 0 0 
0 0 0 0 0 0 0 0 
]
Result of test/A1.txt*test/W3.txt = [
110 190 390 550 550 0 0 0 
0 0 0 0 0 0 0 0 
0 0 0 0 0 0 0 0 
0 0 0 0 0 0 0 0 
0 0 0 0 0 0 0 0 
0 0 0 0 0 0 0 0 
0 0 0 0 0 0 0 0 
0 0 0 0 0 0 0 0 
]
Finished child 2681 pid of parent 2678
Exited with exitcode = 0
